This file contains any messages produced by compilers while
running configure, to aid debugging if configure makes a mistake.

It was created by SurfAlarm configure 0.1, which was
generated by GNU Autoconf 2.69.  Invocation command line was

  $ ./configure 

## --------- ##
## Platform. ##
## --------- ##

hostname = benkali
uname -m = x86_64
uname -r = 4.0.0-kali1-amd64
uname -s = Linux
uname -v = #1 SMP Debian 4.0.4-1+kali2 (2015-06-03)

/usr/bin/uname -p = unknown
/bin/uname -X     = unknown

/bin/arch              = unknown
/usr/bin/arch -k       = unknown
/usr/convex/getsysinfo = unknown
/usr/bin/hostinfo      = unknown
/bin/machine           = unknown
/usr/bin/oslevel       = unknown
/bin/universe          = unknown

PATH: /usr/local/bin
PATH: /usr/bin
PATH: /bin
PATH: /usr/local/games
PATH: /usr/games


## ----------- ##
## Core tests. ##
## ----------- ##

configure:2172: checking for a BSD-compatible install
configure:2240: result: /usr/bin/install -c
configure:2251: checking whether build environment is sane
configure:2306: result: yes
configure:2457: checking for a thread-safe mkdir -p
configure:2496: result: /bin/mkdir -p
configure:2503: checking for gawk
configure:2533: result: no
configure:2503: checking for mawk
configure:2519: found /usr/bin/mawk
configure:2530: result: mawk
configure:2541: checking whether make sets $(MAKE)
configure:2563: result: yes
configure:2592: checking whether make supports nested variables
configure:2609: result: yes
configure:2793: checking for g++
configure:2809: found /usr/bin/g++
configure:2820: result: g++
configure:2847: checking for C++ compiler version
configure:2856: g++ --version >&5
g++ (Debian 4.9.2-10) 4.9.2
Copyright (C) 2014 Free Software Foundation, Inc.
This is free software; see the source for copying conditions.  There is NO
warranty; not even for MERCHANTABILITY or FITNESS FOR A PARTICULAR PURPOSE.

configure:2867: $? = 0
configure:2856: g++ -v >&5
Using built-in specs.
COLLECT_GCC=g++
COLLECT_LTO_WRAPPER=/usr/lib/gcc/x86_64-linux-gnu/4.9/lto-wrapper
Target: x86_64-linux-gnu
Configured with: ../src/configure -v --with-pkgversion='Debian 4.9.2-10' --with-bugurl=file:///usr/share/doc/gcc-4.9/README.Bugs --enable-languages=c,c++,java,go,d,fortran,objc,obj-c++ --prefix=/usr --program-suffix=-4.9 --enable-shared --enable-linker-build-id --libexecdir=/usr/lib --without-included-gettext --enable-threads=posix --with-gxx-include-dir=/usr/include/c++/4.9 --libdir=/usr/lib --enable-nls --with-sysroot=/ --enable-clocale=gnu --enable-libstdcxx-debug --enable-libstdcxx-time=yes --enable-gnu-unique-object --disable-vtable-verify --enable-plugin --with-system-zlib --disable-browser-plugin --enable-java-awt=gtk --enable-gtk-cairo --with-java-home=/usr/lib/jvm/java-1.5.0-gcj-4.9-amd64/jre --enable-java-home --with-jvm-root-dir=/usr/lib/jvm/java-1.5.0-gcj-4.9-amd64 --with-jvm-jar-dir=/usr/lib/jvm-exports/java-1.5.0-gcj-4.9-amd64 --with-arch-directory=amd64 --with-ecj-jar=/usr/share/java/eclipse-ecj.jar --enable-objc-gc --enable-multiarch --with-arch-32=i586 --with-abi=m64 --with-multilib-list=m32,m64,mx32 --enable-multilib --with-tune=generic --enable-checking=release --build=x86_64-linux-gnu --host=x86_64-linux-gnu --target=x86_64-linux-gnu
Thread model: posix
gcc version 4.9.2 (Debian 4.9.2-10) 
configure:2867: $? = 0
configure:2856: g++ -V >&5
g++: error: unrecognized command line option '-V'
g++: fatal error: no input files
compilation terminated.
configure:2867: $? = 4
configure:2856: g++ -qversion >&5
g++: error: unrecognized command line option '-qversion'
g++: fatal error: no input files
compilation terminated.
configure:2867: $? = 4
configure:2887: checking whether the C++ compiler works
configure:2909: g++    conftest.cpp  >&5
configure:2913: $? = 0
configure:2961: result: yes
configure:2964: checking for C++ compiler default output file name
configure:2966: result: a.out
configure:2972: checking for suffix of executables
configure:2979: g++ -o conftest    conftest.cpp  >&5
configure:2983: $? = 0
configure:3005: result: 
configure:3027: checking whether we are cross compiling
configure:3035: g++ -o conftest    conftest.cpp  >&5
configure:3039: $? = 0
configure:3046: ./conftest
configure:3050: $? = 0
configure:3065: result: no
configure:3070: checking for suffix of object files
configure:3092: g++ -c   conftest.cpp >&5
configure:3096: $? = 0
configure:3117: result: o
configure:3121: checking whether we are using the GNU C++ compiler
configure:3140: g++ -c   conftest.cpp >&5
configure:3140: $? = 0
configure:3149: result: yes
configure:3158: checking whether g++ accepts -g
configure:3178: g++ -c -g  conftest.cpp >&5
configure:3178: $? = 0
configure:3219: result: yes
configure:3253: checking for style of include used by make
configure:3281: result: GNU
configure:3307: checking dependency style of g++
configure:3418: result: gcc3
configure:3441: checking whether g++ supports C++11 features by default
configure:3735: g++ -c -g -O2  conftest.cpp >&5
conftest.cpp:22:2: error: #error "This is not a C++11 compiler"
 #error "This is not a C++11 compiler"
  ^
configure:3735: $? = 1
configure: failed program was:
| /* confdefs.h */
| #define PACKAGE_NAME "SurfAlarm"
| #define PACKAGE_TARNAME "surfalarm"
| #define PACKAGE_VERSION "0.1"
| #define PACKAGE_STRING "SurfAlarm 0.1"
| #define PACKAGE_BUGREPORT "benjamin.fankhauser@hotmail.ch"
| #define PACKAGE_URL ""
| #define PACKAGE "surfalarm"
| #define VERSION "0.1"
| /* end confdefs.h.  */
| 
| 
| // If the compiler admits that it is not ready for C++11, why torture it?
| // Hopefully, this will speed up the test.
| 
| #ifndef __cplusplus
| 
| #error "This is not a C++ compiler"
| 
| #elif __cplusplus < 201103L
| 
| #error "This is not a C++11 compiler"
| 
| #else
| 
| namespace cxx11
| {
| 
|   namespace test_static_assert
|   {
| 
|     template <typename T>
|     struct check
|     {
|       static_assert(sizeof(int) <= sizeof(T), "not big enough");
|     };
| 
|   }
| 
|   namespace test_final_override
|   {
| 
|     struct Base
|     {
|       virtual void f() {}
|     };
| 
|     struct Derived : public Base
|     {
|       virtual void f() override {}
|     };
| 
|   }
| 
|   namespace test_double_right_angle_brackets
|   {
| 
|     template < typename T >
|     struct check {};
| 
|     typedef check<void> single_type;
|     typedef check<check<void>> double_type;
|     typedef check<check<check<void>>> triple_type;
|     typedef check<check<check<check<void>>>> quadruple_type;
| 
|   }
| 
|   namespace test_decltype
|   {
| 
|     int
|     f()
|     {
|       int a = 1;
|       decltype(a) b = 2;
|       return a + b;
|     }
| 
|   }
| 
|   namespace test_type_deduction
|   {
| 
|     template < typename T1, typename T2 >
|     struct is_same
|     {
|       static const bool value = false;
|     };
| 
|     template < typename T >
|     struct is_same<T, T>
|     {
|       static const bool value = true;
|     };
| 
|     template < typename T1, typename T2 >
|     auto
|     add(T1 a1, T2 a2) -> decltype(a1 + a2)
|     {
|       return a1 + a2;
|     }
| 
|     int
|     test(const int c, volatile int v)
|     {
|       static_assert(is_same<int, decltype(0)>::value == true, "");
|       static_assert(is_same<int, decltype(c)>::value == false, "");
|       static_assert(is_same<int, decltype(v)>::value == false, "");
|       auto ac = c;
|       auto av = v;
|       auto sumi = ac + av + 'x';
|       auto sumf = ac + av + 1.0;
|       static_assert(is_same<int, decltype(ac)>::value == true, "");
|       static_assert(is_same<int, decltype(av)>::value == true, "");
|       static_assert(is_same<int, decltype(sumi)>::value == true, "");
|       static_assert(is_same<int, decltype(sumf)>::value == false, "");
|       static_assert(is_same<int, decltype(add(c, v))>::value == true, "");
|       return (sumf > 0.0) ? sumi : add(c, v);
|     }
| 
|   }
| 
|   namespace test_noexcept
|   {
| 
|     int f() { return 0; }
|     int g() noexcept { return 0; }
| 
|     static_assert(noexcept(f()) == false, "");
|     static_assert(noexcept(g()) == true, "");
| 
|   }
| 
|   namespace test_constexpr
|   {
| 
|     template < typename CharT >
|     unsigned long constexpr
|     strlen_c_r(const CharT *const s, const unsigned long acc) noexcept
|     {
|       return *s ? strlen_c_r(s + 1, acc + 1) : acc;
|     }
| 
|     template < typename CharT >
|     unsigned long constexpr
|     strlen_c(const CharT *const s) noexcept
|     {
|       return strlen_c_r(s, 0UL);
|     }
| 
|     static_assert(strlen_c("") == 0UL, "");
|     static_assert(strlen_c("1") == 1UL, "");
|     static_assert(strlen_c("example") == 7UL, "");
|     static_assert(strlen_c("another\0example") == 7UL, "");
| 
|   }
| 
|   namespace test_rvalue_references
|   {
| 
|     template < int N >
|     struct answer
|     {
|       static constexpr int value = N;
|     };
| 
|     answer<1> f(int&)       { return answer<1>(); }
|     answer<2> f(const int&) { return answer<2>(); }
|     answer<3> f(int&&)      { return answer<3>(); }
| 
|     void
|     test()
|     {
|       int i = 0;
|       const int c = 0;
|       static_assert(decltype(f(i))::value == 1, "");
|       static_assert(decltype(f(c))::value == 2, "");
|       static_assert(decltype(f(0))::value == 3, "");
|     }
| 
|   }
| 
|   namespace test_uniform_initialization
|   {
| 
|     struct test
|     {
|       static const int zero {};
|       static const int one {1};
|     };
| 
|     static_assert(test::zero == 0, "");
|     static_assert(test::one == 1, "");
| 
|   }
| 
|   namespace test_lambdas
|   {
| 
|     void
|     test1()
|     {
|       auto lambda1 = [](){};
|       auto lambda2 = lambda1;
|       lambda1();
|       lambda2();
|     }
| 
|     int
|     test2()
|     {
|       auto a = [](int i, int j){ return i + j; }(1, 2);
|       auto b = []() -> int { return '0'; }();
|       auto c = [=](){ return a + b; }();
|       auto d = [&](){ return c; }();
|       auto e = [a, &b](int x) mutable {
|         const auto identity = [](int y){ return y; };
|         for (auto i = 0; i < a; ++i)
|           a += b--;
|         return x + identity(a + b);
|       }(0);
|       return a + b + c + d + e;
|     }
| 
|     int
|     test3()
|     {
|       const auto nullary = [](){ return 0; };
|       const auto unary = [](int x){ return x; };
|       using nullary_t = decltype(nullary);
|       using unary_t = decltype(unary);
|       const auto higher1st = [](nullary_t f){ return f(); };
|       const auto higher2nd = [unary](nullary_t f1){
|         return [unary, f1](unary_t f2){ return f2(unary(f1())); };
|       };
|       return higher1st(nullary) + higher2nd(nullary)(unary);
|     }
| 
|   }
| 
|   namespace test_variadic_templates
|   {
| 
|     template <int...>
|     struct sum;
| 
|     template <int N0, int... N1toN>
|     struct sum<N0, N1toN...>
|     {
|       static constexpr auto value = N0 + sum<N1toN...>::value;
|     };
| 
|     template <>
|     struct sum<>
|     {
|       static constexpr auto value = 0;
|     };
| 
|     static_assert(sum<>::value == 0, "");
|     static_assert(sum<1>::value == 1, "");
|     static_assert(sum<23>::value == 23, "");
|     static_assert(sum<1, 2>::value == 3, "");
|     static_assert(sum<5, 5, 11>::value == 21, "");
|     static_assert(sum<2, 3, 5, 7, 11, 13>::value == 41, "");
| 
|   }
| 
|   // http://stackoverflow.com/questions/13728184/template-aliases-and-sfinae
|   // Clang 3.1 fails with headers of libstd++ 4.8.3 when using std::function
|   // because of this.
|   namespace test_template_alias_sfinae
|   {
| 
|     struct foo {};
| 
|     template<typename T>
|     using member = typename T::member_type;
| 
|     template<typename T>
|     void func(...) {}
| 
|     template<typename T>
|     void func(member<T>*) {}
| 
|     void test();
| 
|     void test() { func<foo>(0); }
| 
|   }
| 
| }  // namespace cxx11
| 
| #endif  // __cplusplus >= 201103L
| 
| 
| 
configure:3742: result: no
configure:3751: checking whether g++ supports C++11 features with -std=gnu++11
configure:4047: g++ -std=gnu++11 -c -g -O2  conftest.cpp >&5
configure:4047: $? = 0
configure:4056: result: yes
configure:4415: checking Check for libpng12:
configure:4465: checking for gcc
configure:4481: found /usr/bin/gcc
configure:4492: result: gcc
configure:4721: checking for C compiler version
configure:4730: gcc --version >&5
gcc (Debian 4.9.2-10) 4.9.2
Copyright (C) 2014 Free Software Foundation, Inc.
This is free software; see the source for copying conditions.  There is NO
warranty; not even for MERCHANTABILITY or FITNESS FOR A PARTICULAR PURPOSE.

configure:4741: $? = 0
configure:4730: gcc -v >&5
Using built-in specs.
COLLECT_GCC=gcc
COLLECT_LTO_WRAPPER=/usr/lib/gcc/x86_64-linux-gnu/4.9/lto-wrapper
Target: x86_64-linux-gnu
Configured with: ../src/configure -v --with-pkgversion='Debian 4.9.2-10' --with-bugurl=file:///usr/share/doc/gcc-4.9/README.Bugs --enable-languages=c,c++,java,go,d,fortran,objc,obj-c++ --prefix=/usr --program-suffix=-4.9 --enable-shared --enable-linker-build-id --libexecdir=/usr/lib --without-included-gettext --enable-threads=posix --with-gxx-include-dir=/usr/include/c++/4.9 --libdir=/usr/lib --enable-nls --with-sysroot=/ --enable-clocale=gnu --enable-libstdcxx-debug --enable-libstdcxx-time=yes --enable-gnu-unique-object --disable-vtable-verify --enable-plugin --with-system-zlib --disable-browser-plugin --enable-java-awt=gtk --enable-gtk-cairo --with-java-home=/usr/lib/jvm/java-1.5.0-gcj-4.9-amd64/jre --enable-java-home --with-jvm-root-dir=/usr/lib/jvm/java-1.5.0-gcj-4.9-amd64 --with-jvm-jar-dir=/usr/lib/jvm-exports/java-1.5.0-gcj-4.9-amd64 --with-arch-directory=amd64 --with-ecj-jar=/usr/share/java/eclipse-ecj.jar --enable-objc-gc --enable-multiarch --with-arch-32=i586 --with-abi=m64 --with-multilib-list=m32,m64,mx32 --enable-multilib --with-tune=generic --enable-checking=release --build=x86_64-linux-gnu --host=x86_64-linux-gnu --target=x86_64-linux-gnu
Thread model: posix
gcc version 4.9.2 (Debian 4.9.2-10) 
configure:4741: $? = 0
configure:4730: gcc -V >&5
gcc: error: unrecognized command line option '-V'
gcc: fatal error: no input files
compilation terminated.
configure:4741: $? = 4
configure:4730: gcc -qversion >&5
gcc: error: unrecognized command line option '-qversion'
gcc: fatal error: no input files
compilation terminated.
configure:4741: $? = 4
configure:4745: checking whether we are using the GNU C compiler
configure:4764: gcc -c   conftest.c >&5
configure:4764: $? = 0
configure:4773: result: yes
configure:4782: checking whether gcc accepts -g
configure:4802: gcc -c -g  conftest.c >&5
configure:4802: $? = 0
configure:4843: result: yes
configure:4860: checking for gcc option to accept ISO C89
configure:4923: gcc  -c -g -O2  conftest.c >&5
configure:4923: $? = 0
configure:4936: result: none needed
configure:4961: checking whether gcc understands -c and -o together
configure:4983: gcc -c conftest.c -o conftest2.o
configure:4986: $? = 0
configure:4983: gcc -c conftest.c -o conftest2.o
configure:4986: $? = 0
configure:4998: result: yes
configure:5017: checking dependency style of gcc
configure:5128: result: gcc3
configure:5144: checking for png_create_write_struct_2 in -lpng
configure:5169: gcc -o conftest -g -O2   conftest.c -lpng   >&5
configure:5169: $? = 0
configure:5178: result: yes
configure:5190: checking Check for png++:
configure:5197: checking how to run the C preprocessor
configure:5228: gcc -E  conftest.c
configure:5228: $? = 0
configure:5242: gcc -E  conftest.c
conftest.c:13:28: fatal error: ac_nonexistent.h: No such file or directory
 #include <ac_nonexistent.h>
                            ^
compilation terminated.
configure:5242: $? = 1
configure: failed program was:
| /* confdefs.h */
| #define PACKAGE_NAME "SurfAlarm"
| #define PACKAGE_TARNAME "surfalarm"
| #define PACKAGE_VERSION "0.1"
| #define PACKAGE_STRING "SurfAlarm 0.1"
| #define PACKAGE_BUGREPORT "benjamin.fankhauser@hotmail.ch"
| #define PACKAGE_URL ""
| #define PACKAGE "surfalarm"
| #define VERSION "0.1"
| #define HAVE_CXX11 1
| #define HAVE_LIBPNG 1
| /* end confdefs.h.  */
| #include <ac_nonexistent.h>
configure:5267: result: gcc -E
configure:5287: gcc -E  conftest.c
configure:5287: $? = 0
configure:5301: gcc -E  conftest.c
conftest.c:13:28: fatal error: ac_nonexistent.h: No such file or directory
 #include <ac_nonexistent.h>
                            ^
compilation terminated.
configure:5301: $? = 1
configure: failed program was:
| /* confdefs.h */
| #define PACKAGE_NAME "SurfAlarm"
| #define PACKAGE_TARNAME "surfalarm"
| #define PACKAGE_VERSION "0.1"
| #define PACKAGE_STRING "SurfAlarm 0.1"
| #define PACKAGE_BUGREPORT "benjamin.fankhauser@hotmail.ch"
| #define PACKAGE_URL ""
| #define PACKAGE "surfalarm"
| #define VERSION "0.1"
| #define HAVE_CXX11 1
| #define HAVE_LIBPNG 1
| /* end confdefs.h.  */
| #include <ac_nonexistent.h>
configure:5330: checking for grep that handles long lines and -e
configure:5388: result: /bin/grep
configure:5393: checking for egrep
configure:5455: result: /bin/grep -E
configure:5460: checking for ANSI C header files
configure:5480: gcc -c -g -O2  conftest.c >&5
configure:5480: $? = 0
configure:5553: gcc -o conftest -g -O2   conftest.c -lpng  >&5
configure:5553: $? = 0
configure:5553: ./conftest
configure:5553: $? = 0
configure:5564: result: yes
configure:5577: checking for sys/types.h
configure:5577: gcc -c -g -O2  conftest.c >&5
configure:5577: $? = 0
configure:5577: result: yes
configure:5577: checking for sys/stat.h
configure:5577: gcc -c -g -O2  conftest.c >&5
configure:5577: $? = 0
configure:5577: result: yes
configure:5577: checking for stdlib.h
configure:5577: gcc -c -g -O2  conftest.c >&5
configure:5577: $? = 0
configure:5577: result: yes
configure:5577: checking for string.h
configure:5577: gcc -c -g -O2  conftest.c >&5
configure:5577: $? = 0
configure:5577: result: yes
configure:5577: checking for memory.h
configure:5577: gcc -c -g -O2  conftest.c >&5
configure:5577: $? = 0
configure:5577: result: yes
configure:5577: checking for strings.h
configure:5577: gcc -c -g -O2  conftest.c >&5
configure:5577: $? = 0
configure:5577: result: yes
configure:5577: checking for inttypes.h
configure:5577: gcc -c -g -O2  conftest.c >&5
configure:5577: $? = 0
configure:5577: result: yes
configure:5577: checking for stdint.h
configure:5577: gcc -c -g -O2  conftest.c >&5
configure:5577: $? = 0
configure:5577: result: yes
configure:5577: checking for unistd.h
configure:5577: gcc -c -g -O2  conftest.c >&5
configure:5577: $? = 0
configure:5577: result: yes
configure:5591: checking png++/png.hpp usability
configure:5591: gcc -c -g -O2  conftest.c >&5
In file included from /usr/include/png++/png.hpp:37:0,
                 from conftest.c:56:
/usr/include/png++/types.hpp:36:1: error: unknown type name 'namespace'
 namespace png
 ^
/usr/include/png++/types.hpp:37:1: error: expected '=', ',', ';', 'asm' or '__attribute__' before '{' token
 {
 ^
In file included from /usr/include/png++/png.hpp:38:0,
                 from conftest.c:56:
/usr/include/png++/error.hpp:34:21: fatal error: stdexcept: No such file or directory
 #include <stdexcept>
                     ^
compilation terminated.
configure:5591: $? = 1
configure: failed program was:
| /* confdefs.h */
| #define PACKAGE_NAME "SurfAlarm"
| #define PACKAGE_TARNAME "surfalarm"
| #define PACKAGE_VERSION "0.1"
| #define PACKAGE_STRING "SurfAlarm 0.1"
| #define PACKAGE_BUGREPORT "benjamin.fankhauser@hotmail.ch"
| #define PACKAGE_URL ""
| #define PACKAGE "surfalarm"
| #define VERSION "0.1"
| #define HAVE_CXX11 1
| #define HAVE_LIBPNG 1
| #define STDC_HEADERS 1
| #define HAVE_SYS_TYPES_H 1
| #define HAVE_SYS_STAT_H 1
| #define HAVE_STDLIB_H 1
| #define HAVE_STRING_H 1
| #define HAVE_MEMORY_H 1
| #define HAVE_STRINGS_H 1
| #define HAVE_INTTYPES_H 1
| #define HAVE_STDINT_H 1
| #define HAVE_UNISTD_H 1
| /* end confdefs.h.  */
| #include <stdio.h>
| #ifdef HAVE_SYS_TYPES_H
| # include <sys/types.h>
| #endif
| #ifdef HAVE_SYS_STAT_H
| # include <sys/stat.h>
| #endif
| #ifdef STDC_HEADERS
| # include <stdlib.h>
| # include <stddef.h>
| #else
| # ifdef HAVE_STDLIB_H
| #  include <stdlib.h>
| # endif
| #endif
| #ifdef HAVE_STRING_H
| # if !defined STDC_HEADERS && defined HAVE_MEMORY_H
| #  include <memory.h>
| # endif
| # include <string.h>
| #endif
| #ifdef HAVE_STRINGS_H
| # include <strings.h>
| #endif
| #ifdef HAVE_INTTYPES_H
| # include <inttypes.h>
| #endif
| #ifdef HAVE_STDINT_H
| # include <stdint.h>
| #endif
| #ifdef HAVE_UNISTD_H
| # include <unistd.h>
| #endif
| #include <png++/png.hpp>
configure:5591: result: no
configure:5591: checking png++/png.hpp presence
configure:5591: gcc -E  conftest.c
In file included from /usr/include/png++/png.hpp:38:0,
                 from conftest.c:23:
/usr/include/png++/error.hpp:34:21: fatal error: stdexcept: No such file or directory
 #include <stdexcept>
                     ^
compilation terminated.
configure:5591: $? = 1
configure: failed program was:
| /* confdefs.h */
| #define PACKAGE_NAME "SurfAlarm"
| #define PACKAGE_TARNAME "surfalarm"
| #define PACKAGE_VERSION "0.1"
| #define PACKAGE_STRING "SurfAlarm 0.1"
| #define PACKAGE_BUGREPORT "benjamin.fankhauser@hotmail.ch"
| #define PACKAGE_URL ""
| #define PACKAGE "surfalarm"
| #define VERSION "0.1"
| #define HAVE_CXX11 1
| #define HAVE_LIBPNG 1
| #define STDC_HEADERS 1
| #define HAVE_SYS_TYPES_H 1
| #define HAVE_SYS_STAT_H 1
| #define HAVE_STDLIB_H 1
| #define HAVE_STRING_H 1
| #define HAVE_MEMORY_H 1
| #define HAVE_STRINGS_H 1
| #define HAVE_INTTYPES_H 1
| #define HAVE_STDINT_H 1
| #define HAVE_UNISTD_H 1
| /* end confdefs.h.  */
| #include <png++/png.hpp>
configure:5591: result: no
configure:5591: checking for png++/png.hpp
configure:5591: result: no
configure:5602: checking Check for curl:
configure:5647: checking for curl
configure:5663: found /usr/bin/curl
configure:5674: result: curl
configure:5844: checking that generated files are newer than configure
configure:5850: result: done
configure:5877: creating ./config.status

## ---------------------- ##
## Running config.status. ##
## ---------------------- ##

This file was extended by SurfAlarm config.status 0.1, which was
generated by GNU Autoconf 2.69.  Invocation command line was

  CONFIG_FILES    = 
  CONFIG_HEADERS  = 
  CONFIG_LINKS    = 
  CONFIG_COMMANDS = 
  $ ./config.status 

on benkali

config.status:785: creating Makefile
config.status:957: executing depfiles commands

## ---------------- ##
## Cache variables. ##
## ---------------- ##

ac_cv_c_compiler_gnu=yes
ac_cv_cxx_compiler_gnu=yes
ac_cv_env_CCC_set=
ac_cv_env_CCC_value=
ac_cv_env_CC_set=
ac_cv_env_CC_value=
ac_cv_env_CFLAGS_set=
ac_cv_env_CFLAGS_value=
ac_cv_env_CPPFLAGS_set=
ac_cv_env_CPPFLAGS_value=
ac_cv_env_CPP_set=
ac_cv_env_CPP_value=
ac_cv_env_CXXFLAGS_set=
ac_cv_env_CXXFLAGS_value=
ac_cv_env_CXX_set=
ac_cv_env_CXX_value=
ac_cv_env_LDFLAGS_set=
ac_cv_env_LDFLAGS_value=
ac_cv_env_LIBS_set=
ac_cv_env_LIBS_value=
ac_cv_env_build_alias_set=
ac_cv_env_build_alias_value=
ac_cv_env_host_alias_set=
ac_cv_env_host_alias_value=
ac_cv_env_target_alias_set=
ac_cv_env_target_alias_value=
ac_cv_header_inttypes_h=yes
ac_cv_header_memory_h=yes
ac_cv_header_pngpp_png_hpp=no
ac_cv_header_stdc=yes
ac_cv_header_stdint_h=yes
ac_cv_header_stdlib_h=yes
ac_cv_header_string_h=yes
ac_cv_header_strings_h=yes
ac_cv_header_sys_stat_h=yes
ac_cv_header_sys_types_h=yes
ac_cv_header_unistd_h=yes
ac_cv_lib_png_png_create_write_struct_2=yes
ac_cv_objext=o
ac_cv_path_EGREP='/bin/grep -E'
ac_cv_path_GREP=/bin/grep
ac_cv_path_install='/usr/bin/install -c'
ac_cv_path_mkdir=/bin/mkdir
ac_cv_prog_AWK=mawk
ac_cv_prog_CPP='gcc -E'
ac_cv_prog_ac_ct_CC=gcc
ac_cv_prog_ac_ct_CURL=curl
ac_cv_prog_ac_ct_CXX=g++
ac_cv_prog_cc_c89=
ac_cv_prog_cc_g=yes
ac_cv_prog_cxx_g=yes
ac_cv_prog_make_make_set=yes
am_cv_CC_dependencies_compiler_type=gcc3
am_cv_CXX_dependencies_compiler_type=gcc3
am_cv_make_support_nested_variables=yes
am_cv_prog_cc_c_o=yes
ax_cv_cxx_compile_cxx11=no
ax_cv_cxx_compile_cxx11__std_gnupp11=yes

## ----------------- ##
## Output variables. ##
## ----------------- ##

ACLOCAL='${SHELL} /home/beni/git/SurfAlarm/missing aclocal-1.14'
AMDEPBACKSLASH='\'
AMDEP_FALSE='#'
AMDEP_TRUE=''
AMTAR='$${TAR-tar}'
AM_BACKSLASH='\'
AM_DEFAULT_V='$(AM_DEFAULT_VERBOSITY)'
AM_DEFAULT_VERBOSITY='1'
AM_V='$(V)'
AUTOCONF='${SHELL} /home/beni/git/SurfAlarm/missing autoconf'
AUTOHEADER='${SHELL} /home/beni/git/SurfAlarm/missing autoheader'
AUTOMAKE='${SHELL} /home/beni/git/SurfAlarm/missing automake-1.14'
AWK='mawk'
CC='gcc'
CCDEPMODE='depmode=gcc3'
CFLAGS='-g -O2'
CPP='gcc -E'
CPPFLAGS=''
CURL='curl'
CXX='g++ -std=gnu++11'
CXXDEPMODE='depmode=gcc3'
CXXFLAGS='-g -O2'
CYGPATH_W='echo'
DEFS='-DPACKAGE_NAME=\"SurfAlarm\" -DPACKAGE_TARNAME=\"surfalarm\" -DPACKAGE_VERSION=\"0.1\" -DPACKAGE_STRING=\"SurfAlarm\ 0.1\" -DPACKAGE_BUGREPORT=\"benjamin.fankhauser@hotmail.ch\" -DPACKAGE_URL=\"\" -DPACKAGE=\"surfalarm\" -DVERSION=\"0.1\" -DHAVE_CXX11=1 -DHAVE_LIBPNG=1 -DSTDC_HEADERS=1 -DHAVE_SYS_TYPES_H=1 -DHAVE_SYS_STAT_H=1 -DHAVE_STDLIB_H=1 -DHAVE_STRING_H=1 -DHAVE_MEMORY_H=1 -DHAVE_STRINGS_H=1 -DHAVE_INTTYPES_H=1 -DHAVE_STDINT_H=1 -DHAVE_UNISTD_H=1'
DEPDIR='.deps'
ECHO_C=''
ECHO_N='-n'
ECHO_T=''
EGREP='/bin/grep -E'
EXEEXT=''
GREP='/bin/grep'
HAVE_CXX11='1'
INSTALL_DATA='${INSTALL} -m 644'
INSTALL_PROGRAM='${INSTALL}'
INSTALL_SCRIPT='${INSTALL}'
INSTALL_STRIP_PROGRAM='$(install_sh) -c -s'
LDFLAGS=''
LIBOBJS=''
LIBS='-lpng '
LTLIBOBJS=''
MAKEINFO='${SHELL} /home/beni/git/SurfAlarm/missing makeinfo'
MKDIR_P='/bin/mkdir -p'
OBJEXT='o'
PACKAGE='surfalarm'
PACKAGE_BUGREPORT='benjamin.fankhauser@hotmail.ch'
PACKAGE_NAME='SurfAlarm'
PACKAGE_STRING='SurfAlarm 0.1'
PACKAGE_TARNAME='surfalarm'
PACKAGE_URL=''
PACKAGE_VERSION='0.1'
PATH_SEPARATOR=':'
SET_MAKE=''
SHELL='/bin/bash'
STRIP=''
VERSION='0.1'
ac_ct_CC='gcc'
ac_ct_CXX='g++'
am__EXEEXT_FALSE=''
am__EXEEXT_TRUE='#'
am__fastdepCC_FALSE='#'
am__fastdepCC_TRUE=''
am__fastdepCXX_FALSE='#'
am__fastdepCXX_TRUE=''
am__include='include'
am__isrc=''
am__leading_dot='.'
am__nodep='_no'
am__quote=''
am__tar='$${TAR-tar} chof - "$$tardir"'
am__untar='$${TAR-tar} xf -'
bindir='${exec_prefix}/bin'
build_alias=''
datadir='${datarootdir}'
datarootdir='${prefix}/share'
docdir='${datarootdir}/doc/${PACKAGE_TARNAME}'
dvidir='${docdir}'
exec_prefix='${prefix}'
host_alias=''
htmldir='${docdir}'
includedir='${prefix}/include'
infodir='${datarootdir}/info'
install_sh='${SHELL} /home/beni/git/SurfAlarm/install-sh'
libdir='${exec_prefix}/lib'
libexecdir='${exec_prefix}/libexec'
localedir='${datarootdir}/locale'
localstatedir='${prefix}/var'
mandir='${datarootdir}/man'
mkdir_p='$(MKDIR_P)'
oldincludedir='/usr/include'
pdfdir='${docdir}'
prefix='/usr/local'
program_transform_name='s,x,x,'
psdir='${docdir}'
sbindir='${exec_prefix}/sbin'
sharedstatedir='${prefix}/com'
sysconfdir='${prefix}/etc'
target_alias=''

## ----------- ##
## confdefs.h. ##
## ----------- ##

/* confdefs.h */
#define PACKAGE_NAME "SurfAlarm"
#define PACKAGE_TARNAME "surfalarm"
#define PACKAGE_VERSION "0.1"
#define PACKAGE_STRING "SurfAlarm 0.1"
#define PACKAGE_BUGREPORT "benjamin.fankhauser@hotmail.ch"
#define PACKAGE_URL ""
#define PACKAGE "surfalarm"
#define VERSION "0.1"
#define HAVE_CXX11 1
#define HAVE_LIBPNG 1
#define STDC_HEADERS 1
#define HAVE_SYS_TYPES_H 1
#define HAVE_SYS_STAT_H 1
#define HAVE_STDLIB_H 1
#define HAVE_STRING_H 1
#define HAVE_MEMORY_H 1
#define HAVE_STRINGS_H 1
#define HAVE_INTTYPES_H 1
#define HAVE_STDINT_H 1
#define HAVE_UNISTD_H 1

configure: exit 0
